[handleMsg]:  {
  key: {
    remoteJid: '34654439295@s.whatsapp.net',
    fromMe: false,
    id: '1B1AD654A468F3C2CF6695A61A3E174F',
    participant: undefined
  },
  messageTimestamp: 1721820346,
  pushName: 'Marcos',
  broadcast: false,
  message: Message {
    conversation: 'Hola',
    messageContextInfo: MessageContextInfo {
      deviceListMetadata: [DeviceListMetadata],
      deviceListMetadataVersion: 2
    }
  },
  body: 'Hola',
  from: '34654439295'
}
[QUEUE_SE_ENVIO]:  {
  ref: 'ans_049ba134-725a-45d5-a5c5-b7b858c59883',
  keyword: 'key_b82379a7-28cb-40f7-b986-c69a0dc05e2f',
  answer: '__call_action__',
  options: {
    media: null,
    buttons: [],
    capture: false,
    child: null,
    delay: 0,
    idle: null,
    ref: null,
    nested: [],
    keyword: {},
    callback: true
  },
  refSerialize: '7ab3372aaaef19c277814c6de92c14a1'
}
